Compilazione avviata 12/12/2017 10.21.18.
     1>Progetto "C:\Users\marcos.lupini\Desktop\Informatica\12_12_17_ABR_02\05_12_17_ABR_01\05_12_17_ABR_01.vcxproj" sul nodo 2 (destinazioni: rebuild).
     1>_PrepareForClean:
         Eliminazione del file "Debug\05_12_17_ABR_01.lastbuildstate" in corso.
       PrepareForBuild:
         Creazione directory "C:\Users\marcos.lupini\Desktop\Informatica\12_12_17_ABR_02\Debug\".
       InitializeBuildStatus:
         Creazione di "Debug\05_12_17_ABR_01.unsuccessfulbuild". È stato specificato "AlwaysCreate".
       ClCompile:
         c:\Program Files (x86)\Microsoft Visual Studio 10.0\VC\bin\CL.exe /c /ZI /nologo /W3 /WX- /Od /Oy- /D WIN32 /D _DEBUG /D _CONSOLE /D _UNICODE /D UNICODE /Gm /EHsc /RTC1 /MDd /GS /fp:precise /Zc:wchar_t /Zc:forScope /Fo"Debug\\" /Fd"Debug\vc100.pdb" /Gd /TP /analyze- /errorReport:prompt Abr.cpp main.cpp
         main.cpp
         Abr.cpp
     1>c:\users\marcos.lupini\desktop\informatica\12_12_17_abr_02\05_12_17_abr_01\abr.cpp(99): warning C4996: 'fopen': This function or variable may be unsafe. Consider using fopen_s instead. To disable deprecation, use _CRT_SECURE_NO_WARNINGS. See online help for details.
                 c:\program files (x86)\microsoft visual studio 10.0\vc\include\stdio.h(234): vedere la dichiarazione di 'fopen'
     1>c:\users\marcos.lupini\desktop\informatica\12_12_17_abr_02\05_12_17_abr_01\abr.cpp(114): warning C4996: 'fopen': This function or variable may be unsafe. Consider using fopen_s instead. To disable deprecation, use _CRT_SECURE_NO_WARNINGS. See online help for details.
                 c:\program files (x86)\microsoft visual studio 10.0\vc\include\stdio.h(234): vedere la dichiarazione di 'fopen'
         Generazione del codice in corso...
       ManifestResourceCompile:
         C:\Program Files (x86)\Microsoft SDKs\Windows\v7.0A\bin\rc.exe /nologo /fo"Debug\05_12_17_ABR_01.exe.embed.manifest.res" Debug\05_12_17_ABR_01_manifest.rc 
       Link:
         c:\Program Files (x86)\Microsoft Visual Studio 10.0\VC\bin\link.exe /ERRORREPORT:PROMPT /OUT:"C:\Users\marcos.lupini\Desktop\Informatica\12_12_17_ABR_02\Debug\05_12_17_ABR_01.exe" /INCREMENTAL /NOLOGO kernel32.lib user32.lib gdi32.lib winspool.lib comdlg32.lib advapi32.lib shell32.lib ole32.lib oleaut32.lib uuid.lib odbc32.lib odbccp32.lib /MANIFEST /ManifestFile:"Debug\05_12_17_ABR_01.exe.intermediate.manifest" /MANIFESTUAC:"level='asInvoker' uiAccess='false'" /DEBUG /PDB:"C:\Users\marcos.lupini\Desktop\Informatica\12_12_17_ABR_02\Debug\05_12_17_ABR_01.pdb" /SUBSYSTEM:CONSOLE /TLBID:1 /DYNAMICBASE /NXCOMPAT /IMPLIB:"C:\Users\marcos.lupini\Desktop\Informatica\12_12_17_ABR_02\Debug\05_12_17_ABR_01.lib" /MACHINE:X86 Debug\05_12_17_ABR_01.exe.embed.manifest.res
         Debug\Abr.obj
         Debug\main.obj
       Manifest:
         Eliminazione del file "Debug\05_12_17_ABR_01.exe.embed.manifest" in corso.
         C:\Program Files (x86)\Microsoft SDKs\Windows\v7.0A\bin\mt.exe /nologo /verbose /out:"Debug\05_12_17_ABR_01.exe.embed.manifest" /manifest Debug\05_12_17_ABR_01.exe.intermediate.manifest
         C:\Program Files (x86)\Microsoft SDKs\Windows\v7.0A\bin\rc.exe /nologo /fo"Debug\05_12_17_ABR_01.exe.embed.manifest.res" Debug\05_12_17_ABR_01_manifest.rc 
       LinkEmbedManifest:
         c:\Program Files (x86)\Microsoft Visual Studio 10.0\VC\bin\link.exe /ERRORREPORT:PROMPT /OUT:"C:\Users\marcos.lupini\Desktop\Informatica\12_12_17_ABR_02\Debug\05_12_17_ABR_01.exe" /INCREMENTAL /NOLOGO kernel32.lib user32.lib gdi32.lib winspool.lib comdlg32.lib advapi32.lib shell32.lib ole32.lib oleaut32.lib uuid.lib odbc32.lib odbccp32.lib /MANIFEST /ManifestFile:"Debug\05_12_17_ABR_01.exe.intermediate.manifest" /MANIFESTUAC:"level='asInvoker' uiAccess='false'" /DEBUG /PDB:"C:\Users\marcos.lupini\Desktop\Informatica\12_12_17_ABR_02\Debug\05_12_17_ABR_01.pdb" /SUBSYSTEM:CONSOLE /TLBID:1 /DYNAMICBASE /NXCOMPAT /IMPLIB:"C:\Users\marcos.lupini\Desktop\Informatica\12_12_17_ABR_02\Debug\05_12_17_ABR_01.lib" /MACHINE:X86 Debug\05_12_17_ABR_01.exe.embed.manifest.res
         Debug\Abr.obj
         Debug\main.obj
         05_12_17_ABR_01.vcxproj -> C:\Users\marcos.lupini\Desktop\Informatica\12_12_17_ABR_02\Debug\05_12_17_ABR_01.exe
       FinalizeBuildStatus:
         Eliminazione del file "Debug\05_12_17_ABR_01.unsuccessfulbuild" in corso.
         Aggiornamento timestamp di "Debug\05_12_17_ABR_01.lastbuildstate".
     1>Compilazione progetto "C:\Users\marcos.lupini\Desktop\Informatica\12_12_17_ABR_02\05_12_17_ABR_01\05_12_17_ABR_01.vcxproj" (destinazioni: rebuild) completata.

Compilazione completata.

Tempo trascorso 00:00:00.68
