C:\USERS\MARCOS.LUPINI\DESKTOP\INFORMATICA\05_12_17_ABR_01\05_12_17_ABR_01\DEBUG\05_12_17_ABR_01.EXE.EMBED.MANIFEST
C:\USERS\MARCOS.LUPINI\DESKTOP\INFORMATICA\05_12_17_ABR_01\05_12_17_ABR_01\DEBUG\05_12_17_ABR_01.EXE.EMBED.MANIFEST.RES
C:\USERS\MARCOS.LUPINI\DESKTOP\INFORMATICA\05_12_17_ABR_01\05_12_17_ABR_01\DEBUG\05_12_17_ABR_01.EXE.INTERMEDIATE.MANIFEST
C:\USERS\MARCOS.LUPINI\DESKTOP\INFORMATICA\05_12_17_ABR_01\05_12_17_ABR_01\DEBUG\ABR.OBJ
C:\USERS\MARCOS.LUPINI\DESKTOP\INFORMATICA\05_12_17_ABR_01\05_12_17_ABR_01\DEBUG\MAIN.OBJ
C:\USERS\MARCOS.LUPINI\DESKTOP\INFORMATICA\05_12_17_ABR_01\05_12_17_ABR_01\DEBUG\VC100.PDB
C:\USERS\MARCOS.LUPINI\DESKTOP\INFORMATICA\05_12_17_ABR_01\DEBUG\05_12_17_ABR_01.EXE
C:\USERS\MARCOS.LUPINI\DESKTOP\INFORMATICA\05_12_17_ABR_01\DEBUG\05_12_17_ABR_01.ILK
C:\USERS\MARCOS.LUPINI\DESKTOP\INFORMATICA\05_12_17_ABR_01\DEBUG\05_12_17_ABR_01.PDB
C:\Users\marcos.lupini\Desktop\Informatica\12_12_17_ABR_02\05_12_17_ABR_01\Debug\05_12_17_ABR_01.exe.embed.manifest
C:\Users\marcos.lupini\Desktop\Informatica\12_12_17_ABR_02\05_12_17_ABR_01\Debug\05_12_17_ABR_01.exe.embed.manifest.res
C:\Users\marcos.lupini\Desktop\Informatica\12_12_17_ABR_02\05_12_17_ABR_01\Debug\05_12_17_ABR_01.exe.intermediate.manifest
C:\Users\marcos.lupini\Desktop\Informatica\12_12_17_ABR_02\05_12_17_ABR_01\Debug\05_12_17_ABR_01.write.1.tlog
C:\Users\marcos.lupini\Desktop\Informatica\12_12_17_ABR_02\05_12_17_ABR_01\Debug\05_12_17_ABR_01_manifest.rc
C:\Users\marcos.lupini\Desktop\Informatica\12_12_17_ABR_02\05_12_17_ABR_01\Debug\Abr.obj
C:\Users\marcos.lupini\Desktop\Informatica\12_12_17_ABR_02\05_12_17_ABR_01\Debug\cl.command.1.tlog
C:\Users\marcos.lupini\Desktop\Informatica\12_12_17_ABR_02\05_12_17_ABR_01\Debug\CL.read.1.tlog
C:\Users\marcos.lupini\Desktop\Informatica\12_12_17_ABR_02\05_12_17_ABR_01\Debug\CL.write.1.tlog
C:\Users\marcos.lupini\Desktop\Informatica\12_12_17_ABR_02\05_12_17_ABR_01\Debug\link.130008.read.1.tlog
C:\Users\marcos.lupini\Desktop\Informatica\12_12_17_ABR_02\05_12_17_ABR_01\Debug\link.130008.write.1.tlog
C:\Users\marcos.lupini\Desktop\Informatica\12_12_17_ABR_02\05_12_17_ABR_01\Debug\link.130008-cvtres.read.1.tlog
C:\Users\marcos.lupini\Desktop\Informatica\12_12_17_ABR_02\05_12_17_ABR_01\Debug\link.130008-cvtres.write.1.tlog
C:\Users\marcos.lupini\Desktop\Informatica\12_12_17_ABR_02\05_12_17_ABR_01\Debug\link.command.1.tlog
C:\Users\marcos.lupini\Desktop\Informatica\12_12_17_ABR_02\05_12_17_ABR_01\Debug\link.read.1.tlog
C:\Users\marcos.lupini\Desktop\Informatica\12_12_17_ABR_02\05_12_17_ABR_01\Debug\link.write.1.tlog
C:\Users\marcos.lupini\Desktop\Informatica\12_12_17_ABR_02\05_12_17_ABR_01\Debug\link-cvtres.read.1.tlog
C:\Users\marcos.lupini\Desktop\Informatica\12_12_17_ABR_02\05_12_17_ABR_01\Debug\link-cvtres.write.1.tlog
C:\Users\marcos.lupini\Desktop\Informatica\12_12_17_ABR_02\05_12_17_ABR_01\Debug\main.obj
C:\Users\marcos.lupini\Desktop\Informatica\12_12_17_ABR_02\05_12_17_ABR_01\Debug\mt.command.1.tlog
C:\Users\marcos.lupini\Desktop\Informatica\12_12_17_ABR_02\05_12_17_ABR_01\Debug\mt.read.1.tlog
C:\Users\marcos.lupini\Desktop\Informatica\12_12_17_ABR_02\05_12_17_ABR_01\Debug\mt.write.1.tlog
C:\Users\marcos.lupini\Desktop\Informatica\12_12_17_ABR_02\05_12_17_ABR_01\Debug\rc.command.1.tlog
C:\Users\marcos.lupini\Desktop\Informatica\12_12_17_ABR_02\05_12_17_ABR_01\Debug\rc.read.1.tlog
C:\Users\marcos.lupini\Desktop\Informatica\12_12_17_ABR_02\05_12_17_ABR_01\Debug\rc.write.1.tlog
C:\Users\marcos.lupini\Desktop\Informatica\12_12_17_ABR_02\05_12_17_ABR_01\Debug\vc100.idb
C:\Users\marcos.lupini\Desktop\Informatica\12_12_17_ABR_02\05_12_17_ABR_01\Debug\vc100.pdb
