C:\USERS\MARCOS.LUPINI\DESKTOP\INFORMATICA\CORR_VER_GESTIONE_BANCA_9_01_2017\CORR_VER_GESTIONE_BANCA_9_01_2017\DEBUG\BANCA.OBJ
C:\Users\marcos.lupini\Desktop\Informatica\Corr_Ver_Gestione_Banca_9_01_2017\Corr_Ver_Gestione_Banca_9_01_2017\Debug\cl.command.1.tlog
C:\Users\marcos.lupini\Desktop\Informatica\Corr_Ver_Gestione_Banca_9_01_2017\Corr_Ver_Gestione_Banca_9_01_2017\Debug\CL.read.1.tlog
C:\Users\marcos.lupini\Desktop\Informatica\Corr_Ver_Gestione_Banca_9_01_2017\Corr_Ver_Gestione_Banca_9_01_2017\Debug\CL.write.1.tlog
C:\USERS\MARCOS.LUPINI\DESKTOP\INFORMATICA\CORR_VER_GESTIONE_BANCA_9_01_2017\CORR_VER_GESTIONE_BANCA_9_01_2017\DEBUG\CORR_VER_GESTIONE_BANCA_9_01_2017.EXE.EMBED.MANIFEST
C:\USERS\MARCOS.LUPINI\DESKTOP\INFORMATICA\CORR_VER_GESTIONE_BANCA_9_01_2017\CORR_VER_GESTIONE_BANCA_9_01_2017\DEBUG\CORR_VER_GESTIONE_BANCA_9_01_2017.EXE.EMBED.MANIFEST.RES
C:\USERS\MARCOS.LUPINI\DESKTOP\INFORMATICA\CORR_VER_GESTIONE_BANCA_9_01_2017\CORR_VER_GESTIONE_BANCA_9_01_2017\DEBUG\CORR_VER_GESTIONE_BANCA_9_01_2017.EXE.INTERMEDIATE.MANIFEST
C:\Users\marcos.lupini\Desktop\Informatica\Corr_Ver_Gestione_Banca_9_01_2017\Corr_Ver_Gestione_Banca_9_01_2017\Debug\Corr_Ver_Gestione_Banca_9_01_2017.write.1.tlog
C:\Users\marcos.lupini\Desktop\Informatica\Corr_Ver_Gestione_Banca_9_01_2017\Corr_Ver_Gestione_Banca_9_01_2017\Debug\Corr_Ver_Gestione_Banca_9_01_2017_manifest.rc
C:\Users\marcos.lupini\Desktop\Informatica\Corr_Ver_Gestione_Banca_9_01_2017\Corr_Ver_Gestione_Banca_9_01_2017\Debug\link.2472.read.1.tlog
C:\Users\marcos.lupini\Desktop\Informatica\Corr_Ver_Gestione_Banca_9_01_2017\Corr_Ver_Gestione_Banca_9_01_2017\Debug\link.2472.write.1.tlog
C:\Users\marcos.lupini\Desktop\Informatica\Corr_Ver_Gestione_Banca_9_01_2017\Corr_Ver_Gestione_Banca_9_01_2017\Debug\link.2472-cvtres.read.1.tlog
C:\Users\marcos.lupini\Desktop\Informatica\Corr_Ver_Gestione_Banca_9_01_2017\Corr_Ver_Gestione_Banca_9_01_2017\Debug\link.2472-cvtres.write.1.tlog
C:\Users\marcos.lupini\Desktop\Informatica\Corr_Ver_Gestione_Banca_9_01_2017\Corr_Ver_Gestione_Banca_9_01_2017\Debug\link.command.1.tlog
C:\Users\marcos.lupini\Desktop\Informatica\Corr_Ver_Gestione_Banca_9_01_2017\Corr_Ver_Gestione_Banca_9_01_2017\Debug\link.read.1.tlog
C:\Users\marcos.lupini\Desktop\Informatica\Corr_Ver_Gestione_Banca_9_01_2017\Corr_Ver_Gestione_Banca_9_01_2017\Debug\link.write.1.tlog
C:\Users\marcos.lupini\Desktop\Informatica\Corr_Ver_Gestione_Banca_9_01_2017\Corr_Ver_Gestione_Banca_9_01_2017\Debug\link-cvtres.read.1.tlog
C:\Users\marcos.lupini\Desktop\Informatica\Corr_Ver_Gestione_Banca_9_01_2017\Corr_Ver_Gestione_Banca_9_01_2017\Debug\link-cvtres.write.1.tlog
C:\USERS\MARCOS.LUPINI\DESKTOP\INFORMATICA\CORR_VER_GESTIONE_BANCA_9_01_2017\CORR_VER_GESTIONE_BANCA_9_01_2017\DEBUG\MAIN.OBJ
C:\Users\marcos.lupini\Desktop\Informatica\Corr_Ver_Gestione_Banca_9_01_2017\Corr_Ver_Gestione_Banca_9_01_2017\Debug\mt.command.1.tlog
C:\Users\marcos.lupini\Desktop\Informatica\Corr_Ver_Gestione_Banca_9_01_2017\Corr_Ver_Gestione_Banca_9_01_2017\Debug\mt.read.1.tlog
C:\Users\marcos.lupini\Desktop\Informatica\Corr_Ver_Gestione_Banca_9_01_2017\Corr_Ver_Gestione_Banca_9_01_2017\Debug\mt.write.1.tlog
C:\Users\marcos.lupini\Desktop\Informatica\Corr_Ver_Gestione_Banca_9_01_2017\Corr_Ver_Gestione_Banca_9_01_2017\Debug\rc.command.1.tlog
C:\Users\marcos.lupini\Desktop\Informatica\Corr_Ver_Gestione_Banca_9_01_2017\Corr_Ver_Gestione_Banca_9_01_2017\Debug\rc.read.1.tlog
C:\Users\marcos.lupini\Desktop\Informatica\Corr_Ver_Gestione_Banca_9_01_2017\Corr_Ver_Gestione_Banca_9_01_2017\Debug\rc.write.1.tlog
C:\Users\marcos.lupini\Desktop\Informatica\Corr_Ver_Gestione_Banca_9_01_2017\Corr_Ver_Gestione_Banca_9_01_2017\Debug\vc100.idb
C:\USERS\MARCOS.LUPINI\DESKTOP\INFORMATICA\CORR_VER_GESTIONE_BANCA_9_01_2017\CORR_VER_GESTIONE_BANCA_9_01_2017\DEBUG\VC100.PDB
C:\USERS\MARCOS.LUPINI\DESKTOP\INFORMATICA\CORR_VER_GESTIONE_BANCA_9_01_2017\DEBUG\CORR_VER_GESTIONE_BANCA_9_01_2017.EXE
C:\USERS\MARCOS.LUPINI\DESKTOP\INFORMATICA\CORR_VER_GESTIONE_BANCA_9_01_2017\DEBUG\CORR_VER_GESTIONE_BANCA_9_01_2017.ILK
C:\USERS\MARCOS.LUPINI\DESKTOP\INFORMATICA\CORR_VER_GESTIONE_BANCA_9_01_2017\DEBUG\CORR_VER_GESTIONE_BANCA_9_01_2017.PDB
