C:\USERS\MARCOS.LUPINI\DESKTOP\INFORMATICA\05_12_17_NUM_FATTORIALI\05_12_17_NUM_FATTORIALI\DEBUG\05_12_17_NUM_FATTORIALI.EXE.EMBED.MANIFEST
C:\USERS\MARCOS.LUPINI\DESKTOP\INFORMATICA\05_12_17_NUM_FATTORIALI\05_12_17_NUM_FATTORIALI\DEBUG\05_12_17_NUM_FATTORIALI.EXE.EMBED.MANIFEST.RES
C:\USERS\MARCOS.LUPINI\DESKTOP\INFORMATICA\05_12_17_NUM_FATTORIALI\05_12_17_NUM_FATTORIALI\DEBUG\05_12_17_NUM_FATTORIALI.EXE.INTERMEDIATE.MANIFEST
C:\Users\marcos.lupini\Desktop\Informatica\05_12_17_Num_Fattoriali\05_12_17_Num_Fattoriali\Debug\05_12_17_Num_Fattoriali.write.1.tlog
C:\Users\marcos.lupini\Desktop\Informatica\05_12_17_Num_Fattoriali\05_12_17_Num_Fattoriali\Debug\05_12_17_Num_Fattoriali_manifest.rc
C:\Users\marcos.lupini\Desktop\Informatica\05_12_17_Num_Fattoriali\05_12_17_Num_Fattoriali\Debug\cl.command.1.tlog
C:\Users\marcos.lupini\Desktop\Informatica\05_12_17_Num_Fattoriali\05_12_17_Num_Fattoriali\Debug\CL.read.1.tlog
C:\Users\marcos.lupini\Desktop\Informatica\05_12_17_Num_Fattoriali\05_12_17_Num_Fattoriali\Debug\CL.write.1.tlog
C:\Users\marcos.lupini\Desktop\Informatica\05_12_17_Num_Fattoriali\05_12_17_Num_Fattoriali\Debug\link.30988.read.1.tlog
C:\Users\marcos.lupini\Desktop\Informatica\05_12_17_Num_Fattoriali\05_12_17_Num_Fattoriali\Debug\link.30988.write.1.tlog
C:\Users\marcos.lupini\Desktop\Informatica\05_12_17_Num_Fattoriali\05_12_17_Num_Fattoriali\Debug\link.30988-cvtres.read.1.tlog
C:\Users\marcos.lupini\Desktop\Informatica\05_12_17_Num_Fattoriali\05_12_17_Num_Fattoriali\Debug\link.30988-cvtres.write.1.tlog
C:\Users\marcos.lupini\Desktop\Informatica\05_12_17_Num_Fattoriali\05_12_17_Num_Fattoriali\Debug\link.command.1.tlog
C:\Users\marcos.lupini\Desktop\Informatica\05_12_17_Num_Fattoriali\05_12_17_Num_Fattoriali\Debug\link.read.1.tlog
C:\Users\marcos.lupini\Desktop\Informatica\05_12_17_Num_Fattoriali\05_12_17_Num_Fattoriali\Debug\link.write.1.tlog
C:\Users\marcos.lupini\Desktop\Informatica\05_12_17_Num_Fattoriali\05_12_17_Num_Fattoriali\Debug\link-cvtres.read.1.tlog
C:\Users\marcos.lupini\Desktop\Informatica\05_12_17_Num_Fattoriali\05_12_17_Num_Fattoriali\Debug\link-cvtres.write.1.tlog
C:\USERS\MARCOS.LUPINI\DESKTOP\INFORMATICA\05_12_17_NUM_FATTORIALI\05_12_17_NUM_FATTORIALI\DEBUG\MAIN.OBJ
C:\Users\marcos.lupini\Desktop\Informatica\05_12_17_Num_Fattoriali\05_12_17_Num_Fattoriali\Debug\mt.command.1.tlog
C:\Users\marcos.lupini\Desktop\Informatica\05_12_17_Num_Fattoriali\05_12_17_Num_Fattoriali\Debug\mt.read.1.tlog
C:\Users\marcos.lupini\Desktop\Informatica\05_12_17_Num_Fattoriali\05_12_17_Num_Fattoriali\Debug\mt.write.1.tlog
C:\Users\marcos.lupini\Desktop\Informatica\05_12_17_Num_Fattoriali\05_12_17_Num_Fattoriali\Debug\rc.command.1.tlog
C:\Users\marcos.lupini\Desktop\Informatica\05_12_17_Num_Fattoriali\05_12_17_Num_Fattoriali\Debug\rc.read.1.tlog
C:\Users\marcos.lupini\Desktop\Informatica\05_12_17_Num_Fattoriali\05_12_17_Num_Fattoriali\Debug\rc.write.1.tlog
C:\Users\marcos.lupini\Desktop\Informatica\05_12_17_Num_Fattoriali\05_12_17_Num_Fattoriali\Debug\vc100.idb
C:\USERS\MARCOS.LUPINI\DESKTOP\INFORMATICA\05_12_17_NUM_FATTORIALI\05_12_17_NUM_FATTORIALI\DEBUG\VC100.PDB
C:\USERS\MARCOS.LUPINI\DESKTOP\INFORMATICA\05_12_17_NUM_FATTORIALI\DEBUG\05_12_17_NUM_FATTORIALI.EXE
C:\USERS\MARCOS.LUPINI\DESKTOP\INFORMATICA\05_12_17_NUM_FATTORIALI\DEBUG\05_12_17_NUM_FATTORIALI.ILK
C:\USERS\MARCOS.LUPINI\DESKTOP\INFORMATICA\05_12_17_NUM_FATTORIALI\DEBUG\05_12_17_NUM_FATTORIALI.PDB
