C:\USERS\MARCOS.LUPINI\DESKTOP\INFORMATICA\21_11_17_CORR_VERIFICA_PARCHEGGIO\DEBUG\21_11_17_CORR_VERIFICA_PARCHEGGIO.EXE
C:\USERS\MARCOS.LUPINI\DESKTOP\INFORMATICA\21_11_17_CORR_VERIFICA_PARCHEGGIO\DEBUG\21_11_17_CORR_VERIFICA_PARCHEGGIO.EXE.EMBED.MANIFEST
C:\USERS\MARCOS.LUPINI\DESKTOP\INFORMATICA\21_11_17_CORR_VERIFICA_PARCHEGGIO\DEBUG\21_11_17_CORR_VERIFICA_PARCHEGGIO.EXE.EMBED.MANIFEST.RES
C:\USERS\MARCOS.LUPINI\DESKTOP\INFORMATICA\21_11_17_CORR_VERIFICA_PARCHEGGIO\DEBUG\21_11_17_CORR_VERIFICA_PARCHEGGIO.EXE.INTERMEDIATE.MANIFEST
C:\USERS\MARCOS.LUPINI\DESKTOP\INFORMATICA\21_11_17_CORR_VERIFICA_PARCHEGGIO\DEBUG\21_11_17_CORR_VERIFICA_PARCHEGGIO.ILK
C:\USERS\MARCOS.LUPINI\DESKTOP\INFORMATICA\21_11_17_CORR_VERIFICA_PARCHEGGIO\DEBUG\21_11_17_CORR_VERIFICA_PARCHEGGIO.PDB
C:\Users\marcos.lupini\Desktop\Informatica\21_11_17_Corr_Verifica_Parcheggio\Debug\21_11_17_Corr_Verifica_Parcheggio.write.1.tlog
C:\Users\marcos.lupini\Desktop\Informatica\21_11_17_Corr_Verifica_Parcheggio\Debug\21_11_17_Corr_Verifica_Parcheggio_manifest.rc
C:\Users\marcos.lupini\Desktop\Informatica\21_11_17_Corr_Verifica_Parcheggio\Debug\cl.command.1.tlog
C:\Users\marcos.lupini\Desktop\Informatica\21_11_17_Corr_Verifica_Parcheggio\Debug\CL.read.1.tlog
C:\Users\marcos.lupini\Desktop\Informatica\21_11_17_Corr_Verifica_Parcheggio\Debug\CL.write.1.tlog
C:\Users\marcos.lupini\Desktop\Informatica\21_11_17_Corr_Verifica_Parcheggio\Debug\link.4820.read.1.tlog
C:\Users\marcos.lupini\Desktop\Informatica\21_11_17_Corr_Verifica_Parcheggio\Debug\link.4820.write.1.tlog
C:\Users\marcos.lupini\Desktop\Informatica\21_11_17_Corr_Verifica_Parcheggio\Debug\link.4820-cvtres.read.1.tlog
C:\Users\marcos.lupini\Desktop\Informatica\21_11_17_Corr_Verifica_Parcheggio\Debug\link.4820-cvtres.write.1.tlog
C:\Users\marcos.lupini\Desktop\Informatica\21_11_17_Corr_Verifica_Parcheggio\Debug\link.command.1.tlog
C:\Users\marcos.lupini\Desktop\Informatica\21_11_17_Corr_Verifica_Parcheggio\Debug\link.read.1.tlog
C:\Users\marcos.lupini\Desktop\Informatica\21_11_17_Corr_Verifica_Parcheggio\Debug\link.write.1.tlog
C:\Users\marcos.lupini\Desktop\Informatica\21_11_17_Corr_Verifica_Parcheggio\Debug\link-cvtres.read.1.tlog
C:\Users\marcos.lupini\Desktop\Informatica\21_11_17_Corr_Verifica_Parcheggio\Debug\link-cvtres.write.1.tlog
C:\USERS\MARCOS.LUPINI\DESKTOP\INFORMATICA\21_11_17_CORR_VERIFICA_PARCHEGGIO\DEBUG\MAIN.OBJ
C:\Users\marcos.lupini\Desktop\Informatica\21_11_17_Corr_Verifica_Parcheggio\Debug\mt.command.1.tlog
C:\Users\marcos.lupini\Desktop\Informatica\21_11_17_Corr_Verifica_Parcheggio\Debug\mt.read.1.tlog
C:\Users\marcos.lupini\Desktop\Informatica\21_11_17_Corr_Verifica_Parcheggio\Debug\mt.write.1.tlog
C:\USERS\MARCOS.LUPINI\DESKTOP\INFORMATICA\21_11_17_CORR_VERIFICA_PARCHEGGIO\DEBUG\PARC.OBJ
C:\Users\marcos.lupini\Desktop\Informatica\21_11_17_Corr_Verifica_Parcheggio\Debug\rc.command.1.tlog
C:\Users\marcos.lupini\Desktop\Informatica\21_11_17_Corr_Verifica_Parcheggio\Debug\rc.read.1.tlog
C:\Users\marcos.lupini\Desktop\Informatica\21_11_17_Corr_Verifica_Parcheggio\Debug\rc.write.1.tlog
C:\Users\marcos.lupini\Desktop\Informatica\21_11_17_Corr_Verifica_Parcheggio\Debug\vc100.idb
C:\USERS\MARCOS.LUPINI\DESKTOP\INFORMATICA\21_11_17_CORR_VERIFICA_PARCHEGGIO\DEBUG\VC100.PDB
