Compilazione avviata 28/11/2017 09.00.25.
     1>Progetto "C:\Users\marcos.lupini\Desktop\Informatica\21_11_17_Corr_Verifica_Parcheggio\21_11_17_Corr_Verifica_Parcheggio.vcxproj" sul nodo 2 (destinazioni: rebuild).
     1>_PrepareForClean:
         Eliminazione del file "Debug\21_11_17_Corr_Verifica_Parcheggio.lastbuildstate" in corso.
       InitializeBuildStatus:
         Creazione di "Debug\21_11_17_Corr_Verifica_Parcheggio.unsuccessfulbuild". È stato specificato "AlwaysCreate".
       ClCompile:
         c:\Program Files (x86)\Microsoft Visual Studio 10.0\VC\bin\CL.exe /c /ZI /nologo /W3 /WX- /Od /Oy- /D WIN32 /D _DEBUG /D _CONSOLE /D _UNICODE /D UNICODE /Gm /EHsc /RTC1 /MDd /GS /fp:precise /Zc:wchar_t /Zc:forScope /Fo"Debug\\" /Fd"Debug\vc100.pdb" /Gd /TP /analyze- /errorReport:prompt main.cpp Parc.cpp
         Parc.cpp
         main.cpp
     1>c:\users\marcos.lupini\desktop\informatica\21_11_17_corr_verifica_parcheggio\main.cpp(32): warning C4996: 'scanf': This function or variable may be unsafe. Consider using scanf_s instead. To disable deprecation, use _CRT_SECURE_NO_WARNINGS. See online help for details.
                 c:\program files (x86)\microsoft visual studio 10.0\vc\include\stdio.h(304): vedere la dichiarazione di 'scanf'
         Generazione del codice in corso...
       ManifestResourceCompile:
         C:\Program Files (x86)\Microsoft SDKs\Windows\v7.0A\bin\rc.exe /nologo /fo"Debug\21_11_17_Corr_Verifica_Parcheggio.exe.embed.manifest.res" Debug\21_11_17_Corr_Verifica_Parcheggio_manifest.rc 
       Link:
         c:\Program Files (x86)\Microsoft Visual Studio 10.0\VC\bin\link.exe /ERRORREPORT:PROMPT /OUT:"C:\Users\marcos.lupini\Desktop\Informatica\21_11_17_Corr_Verifica_Parcheggio\Debug\21_11_17_Corr_Verifica_Parcheggio.exe" /INCREMENTAL /NOLOGO kernel32.lib user32.lib gdi32.lib winspool.lib comdlg32.lib advapi32.lib shell32.lib ole32.lib oleaut32.lib uuid.lib odbc32.lib odbccp32.lib /MANIFEST /ManifestFile:"Debug\21_11_17_Corr_Verifica_Parcheggio.exe.intermediate.manifest" /MANIFESTUAC:"level='asInvoker' uiAccess='false'" /DEBUG /PDB:"C:\Users\marcos.lupini\Desktop\Informatica\21_11_17_Corr_Verifica_Parcheggio\Debug\21_11_17_Corr_Verifica_Parcheggio.pdb" /SUBSYSTEM:CONSOLE /TLBID:1 /DYNAMICBASE /NXCOMPAT /IMPLIB:"C:\Users\marcos.lupini\Desktop\Informatica\21_11_17_Corr_Verifica_Parcheggio\Debug\21_11_17_Corr_Verifica_Parcheggio.lib" /MACHINE:X86 Debug\21_11_17_Corr_Verifica_Parcheggio.exe.embed.manifest.res
         Debug\main.obj
         Debug\Parc.obj
       Manifest:
         Eliminazione del file "Debug\21_11_17_Corr_Verifica_Parcheggio.exe.embed.manifest" in corso.
         C:\Program Files (x86)\Microsoft SDKs\Windows\v7.0A\bin\mt.exe /nologo /verbose /out:"Debug\21_11_17_Corr_Verifica_Parcheggio.exe.embed.manifest" /manifest Debug\21_11_17_Corr_Verifica_Parcheggio.exe.intermediate.manifest
         C:\Program Files (x86)\Microsoft SDKs\Windows\v7.0A\bin\rc.exe /nologo /fo"Debug\21_11_17_Corr_Verifica_Parcheggio.exe.embed.manifest.res" Debug\21_11_17_Corr_Verifica_Parcheggio_manifest.rc 
       LinkEmbedManifest:
         c:\Program Files (x86)\Microsoft Visual Studio 10.0\VC\bin\link.exe /ERRORREPORT:PROMPT /OUT:"C:\Users\marcos.lupini\Desktop\Informatica\21_11_17_Corr_Verifica_Parcheggio\Debug\21_11_17_Corr_Verifica_Parcheggio.exe" /INCREMENTAL /NOLOGO kernel32.lib user32.lib gdi32.lib winspool.lib comdlg32.lib advapi32.lib shell32.lib ole32.lib oleaut32.lib uuid.lib odbc32.lib odbccp32.lib /MANIFEST /ManifestFile:"Debug\21_11_17_Corr_Verifica_Parcheggio.exe.intermediate.manifest" /MANIFESTUAC:"level='asInvoker' uiAccess='false'" /DEBUG /PDB:"C:\Users\marcos.lupini\Desktop\Informatica\21_11_17_Corr_Verifica_Parcheggio\Debug\21_11_17_Corr_Verifica_Parcheggio.pdb" /SUBSYSTEM:CONSOLE /TLBID:1 /DYNAMICBASE /NXCOMPAT /IMPLIB:"C:\Users\marcos.lupini\Desktop\Informatica\21_11_17_Corr_Verifica_Parcheggio\Debug\21_11_17_Corr_Verifica_Parcheggio.lib" /MACHINE:X86 Debug\21_11_17_Corr_Verifica_Parcheggio.exe.embed.manifest.res
         Debug\main.obj
         Debug\Parc.obj
         21_11_17_Corr_Verifica_Parcheggio.vcxproj -> C:\Users\marcos.lupini\Desktop\Informatica\21_11_17_Corr_Verifica_Parcheggio\Debug\21_11_17_Corr_Verifica_Parcheggio.exe
       FinalizeBuildStatus:
         Eliminazione del file "Debug\21_11_17_Corr_Verifica_Parcheggio.unsuccessfulbuild" in corso.
         Aggiornamento timestamp di "Debug\21_11_17_Corr_Verifica_Parcheggio.lastbuildstate".
     1>Compilazione progetto "C:\Users\marcos.lupini\Desktop\Informatica\21_11_17_Corr_Verifica_Parcheggio\21_11_17_Corr_Verifica_Parcheggio.vcxproj" (destinazioni: rebuild) completata.

Compilazione completata.

Tempo trascorso 00:00:00.66
