C:\USERS\MARCOS.LUPINI\DESKTOP\INFORMATICA\NUMERI_BINARI\DEBUG\NUMERI_BINARI.EXE
C:\USERS\MARCOS.LUPINI\DESKTOP\INFORMATICA\NUMERI_BINARI\DEBUG\NUMERI_BINARI.ILK
C:\USERS\MARCOS.LUPINI\DESKTOP\INFORMATICA\NUMERI_BINARI\DEBUG\NUMERI_BINARI.PDB
C:\USERS\MARCOS.LUPINI\DESKTOP\INFORMATICA\NUMERI_BINARI\NUMERI_BINARI\DEBUG\BIN.OBJ
C:\Users\marcos.lupini\Desktop\Informatica\Numeri_Binari\Numeri_Binari\Debug\cl.command.1.tlog
C:\Users\marcos.lupini\Desktop\Informatica\Numeri_Binari\Numeri_Binari\Debug\CL.read.1.tlog
C:\Users\marcos.lupini\Desktop\Informatica\Numeri_Binari\Numeri_Binari\Debug\CL.write.1.tlog
C:\Users\marcos.lupini\Desktop\Informatica\Numeri_Binari\Numeri_Binari\Debug\link.157688.read.1.tlog
C:\Users\marcos.lupini\Desktop\Informatica\Numeri_Binari\Numeri_Binari\Debug\link.157688.write.1.tlog
C:\Users\marcos.lupini\Desktop\Informatica\Numeri_Binari\Numeri_Binari\Debug\link.157688-cvtres.read.1.tlog
C:\Users\marcos.lupini\Desktop\Informatica\Numeri_Binari\Numeri_Binari\Debug\link.157688-cvtres.write.1.tlog
C:\Users\marcos.lupini\Desktop\Informatica\Numeri_Binari\Numeri_Binari\Debug\link.command.1.tlog
C:\Users\marcos.lupini\Desktop\Informatica\Numeri_Binari\Numeri_Binari\Debug\link.read.1.tlog
C:\Users\marcos.lupini\Desktop\Informatica\Numeri_Binari\Numeri_Binari\Debug\link.write.1.tlog
C:\Users\marcos.lupini\Desktop\Informatica\Numeri_Binari\Numeri_Binari\Debug\link-cvtres.read.1.tlog
C:\Users\marcos.lupini\Desktop\Informatica\Numeri_Binari\Numeri_Binari\Debug\link-cvtres.write.1.tlog
C:\USERS\MARCOS.LUPINI\DESKTOP\INFORMATICA\NUMERI_BINARI\NUMERI_BINARI\DEBUG\MAIN.OBJ
C:\Users\marcos.lupini\Desktop\Informatica\Numeri_Binari\Numeri_Binari\Debug\mt.command.1.tlog
C:\Users\marcos.lupini\Desktop\Informatica\Numeri_Binari\Numeri_Binari\Debug\mt.read.1.tlog
C:\Users\marcos.lupini\Desktop\Informatica\Numeri_Binari\Numeri_Binari\Debug\mt.write.1.tlog
C:\USERS\MARCOS.LUPINI\DESKTOP\INFORMATICA\NUMERI_BINARI\NUMERI_BINARI\DEBUG\NUMERI_BINARI.EXE.EMBED.MANIFEST
C:\USERS\MARCOS.LUPINI\DESKTOP\INFORMATICA\NUMERI_BINARI\NUMERI_BINARI\DEBUG\NUMERI_BINARI.EXE.EMBED.MANIFEST.RES
C:\USERS\MARCOS.LUPINI\DESKTOP\INFORMATICA\NUMERI_BINARI\NUMERI_BINARI\DEBUG\NUMERI_BINARI.EXE.INTERMEDIATE.MANIFEST
C:\Users\marcos.lupini\Desktop\Informatica\Numeri_Binari\Numeri_Binari\Debug\Numeri_Binari.write.1.tlog
C:\Users\marcos.lupini\Desktop\Informatica\Numeri_Binari\Numeri_Binari\Debug\Numeri_Binari_manifest.rc
C:\Users\marcos.lupini\Desktop\Informatica\Numeri_Binari\Numeri_Binari\Debug\rc.command.1.tlog
C:\Users\marcos.lupini\Desktop\Informatica\Numeri_Binari\Numeri_Binari\Debug\rc.read.1.tlog
C:\Users\marcos.lupini\Desktop\Informatica\Numeri_Binari\Numeri_Binari\Debug\rc.write.1.tlog
C:\Users\marcos.lupini\Desktop\Informatica\Numeri_Binari\Numeri_Binari\Debug\vc100.idb
C:\USERS\MARCOS.LUPINI\DESKTOP\INFORMATICA\NUMERI_BINARI\NUMERI_BINARI\DEBUG\VC100.PDB
